[2026-01-10 09:47:47,483] 24 root - INFO - Initiate the data ingestion
[2026-01-10 09:47:57,686] 83 root - INFO - Performed train test split on the dataframe
[2026-01-10 09:47:57,686] 85 root - INFO - Exited split_data_as_train_test method of Data_Ingestion class
[2026-01-10 09:47:57,686] 91 root - INFO - Exporting train and test file path
[2026-01-10 09:47:57,717] 96 root - INFO - Exported train and test file path.
[2026-01-10 09:47:57,718] 26 root - INFO - Data Initiate Completed
[2026-01-10 09:47:57,720] 21 root - INFO - yaml file: data_schema/schema.yaml loaded successfully
[2026-01-10 09:47:57,720] 32 root - INFO - Initiate the data validation
[2026-01-10 09:47:57,729] 60 root - INFO - Required number of columns: 2
[2026-01-10 09:47:57,729] 61 root - INFO - Data Frame len columns: 31
[2026-01-10 09:47:57,730] 133 root - ERROR - Train dataframe does not contain all columns.

[2026-01-10 09:47:57,730] 60 root - INFO - Required number of columns: 2
[2026-01-10 09:47:57,730] 61 root - INFO - Data Frame len columns: 31
[2026-01-10 09:47:57,730] 138 root - ERROR - Test dataframe does not contain all columns.

[2026-01-10 09:47:57,820] 173 root - INFO - Data validation passed. Data saved to valid directory.
[2026-01-10 09:47:57,820] 196 root - INFO - Data validation artifact: DataValidationArtifact(validation_status=True, valid_train_file_path='Artifacts/data_validation/validated/train.csv', valid_test_file_path='Artifacts/data_validation/validated/test.csv', invalid_train_file_path='Artifacts/data_validation/invalid/train.csv', invalid_test_file_path='Artifacts/data_validation/invalid/test.csv', drift_report_file_path='Artifacts/data_validation/drift_report/report.yaml')
[2026-01-10 09:47:57,820] 34 root - INFO - Data Validation Completed
[2026-01-10 09:47:57,820] 40 root - INFO - Initiate the data transfomation
[2026-01-10 09:47:57,820] 58 root - INFO - Entered initiate_data_transformation method of DataTransformation class
[2026-01-10 09:47:57,820] 62 root - INFO - Starting data transformation
[2026-01-10 09:47:57,829] 43 root - INFO - Entered get_data_trnasformer_object method of Trnasformation class
[2026-01-10 09:47:57,830] 48 root - INFO - Initialise KNNImputer with {'missing_values': nan, 'n_neighbors': 3, 'weights': 'uniform'}
[2026-01-10 09:47:57,835] 110 root - INFO - Train array shape: (8844, 31)
[2026-01-10 09:47:57,835] 111 root - INFO - Test array shape: (2211, 31)
[2026-01-10 09:47:57,835] 53 root - INFO - Entered the save_object method of MainUtils class
[2026-01-10 09:47:57,836] 57 root - INFO - Exited the save_object method of MainUtils class
[2026-01-10 09:47:57,836] 44 root - INFO - Data Transformation Completed
[2026-01-10 09:47:57,836] 48 root - INFO - Initiate the model trainer
[2026-01-10 09:48:22,284] 53 root - INFO - Entered the save_object method of MainUtils class
[2026-01-10 09:48:22,293] 57 root - INFO - Exited the save_object method of MainUtils class
[2026-01-10 09:48:22,293] 136 root - INFO - Model Trainer Artifact: ModelTrainerArtifact(trained_model_file_path='Artifacts/model_trainer/trained_model', train_metric_artifact=ClassificationMetricArtifact(f1_score=0.9767441860465116, precision_score=1.0, recall_score=0.9833333333333333), test_metric_artifact=ClassificationMetricArtifact(f1_score=0.9904354904354904, precision_score=1.0, recall_score=0.9938738002858893))
[2026-01-10 09:48:22,293] 50 root - INFO - Model Trainer Completed
