[2026-01-10 09:36:45,921] 24 root - INFO - Initiate the data ingestion
[2026-01-10 09:36:49,209] 83 root - INFO - Performed train test split on the dataframe
[2026-01-10 09:36:49,209] 85 root - INFO - Exited split_data_as_train_test method of Data_Ingestion class
[2026-01-10 09:36:49,209] 91 root - INFO - Exporting train and test file path
[2026-01-10 09:36:49,234] 96 root - INFO - Exported train and test file path.
[2026-01-10 09:36:49,234] 26 root - INFO - Data Initiate Completed
[2026-01-10 09:36:49,236] 21 root - INFO - yaml file: data_schema/schema.yaml loaded successfully
[2026-01-10 09:36:49,236] 32 root - INFO - Initiate the data validation
[2026-01-10 09:36:49,244] 60 root - INFO - Required number of columns: 2
[2026-01-10 09:36:49,244] 61 root - INFO - Data Frame len columns: 31
[2026-01-10 09:36:49,245] 133 root - ERROR - Train dataframe does not contain all columns.

[2026-01-10 09:36:49,245] 60 root - INFO - Required number of columns: 2
[2026-01-10 09:36:49,245] 61 root - INFO - Data Frame len columns: 31
[2026-01-10 09:36:49,245] 138 root - ERROR - Test dataframe does not contain all columns.

[2026-01-10 09:36:49,355] 173 root - INFO - Data validation passed. Data saved to valid directory.
[2026-01-10 09:36:49,356] 196 root - INFO - Data validation artifact: DataValidationArtifact(validation_status=True, valid_train_file_path='Artifacts/data_validation/validated/train.csv', valid_test_file_path='Artifacts/data_validation/validated/test.csv', invalid_train_file_path='Artifacts/data_validation/invalid/train.csv', invalid_test_file_path='Artifacts/data_validation/invalid/test.csv', drift_report_file_path='Artifacts/data_validation/drift_report/report.yaml')
[2026-01-10 09:36:49,356] 34 root - INFO - Data Validation Completed
[2026-01-10 09:36:49,356] 40 root - INFO - Initiate the data transfomation
[2026-01-10 09:36:49,356] 58 root - INFO - Entered initiate_data_transformation method of DataTransformation class
[2026-01-10 09:36:49,356] 62 root - INFO - Starting data transformation
[2026-01-10 09:36:49,365] 43 root - INFO - Entered get_data_trnasformer_object method of Trnasformation class
[2026-01-10 09:36:49,365] 48 root - INFO - Initialise KNNImputer with {'missing_values': nan, 'n_neighbors': 3, 'weights': 'uniform'}
[2026-01-10 09:36:49,369] 110 root - INFO - Train array shape: (8844, 31)
[2026-01-10 09:36:49,369] 111 root - INFO - Test array shape: (2211, 31)
[2026-01-10 09:36:49,369] 53 root - INFO - Entered the save_object method of MainUtils class
[2026-01-10 09:36:49,371] 57 root - INFO - Exited the save_object method of MainUtils class
[2026-01-10 09:36:49,371] 44 root - INFO - Data Transformation Completed
[2026-01-10 09:36:49,371] 48 root - INFO - Initiate the model trainer
